<?xml version="1.0" encoding="UTF-8"?>
<testsuite name="org.springframework.samples.petclinic.system.CrashControllerTests" tests="1" skipped="1" failures="0" errors="0" timestamp="2019-10-09T15:29:51" hostname="dsi" time="0.0">
  <properties/>
  <testcase name="testTriggerException" classname="org.springframework.samples.petclinic.system.CrashControllerTests" time="0.0">
    <skipped/>
  </testcase>
  <system-out><![CDATA[2019-10-09 12:29:51.000  INFO 6797 --- [    Test worker] .b.t.a.w.s.WebMvcTestContextBootstrapper : Neither @ContextConfiguration nor @ContextHierarchy found for test class [org.springframework.samples.petclinic.system.CrashControllerTests], using SpringBootContextLoader
2019-10-09 12:29:51.002  INFO 6797 --- [    Test worker] o.s.t.c.support.AbstractContextLoader    : Could not detect default resource locations for test class [org.springframework.samples.petclinic.system.CrashControllerTests]: no resource found for suffixes {-context.xml, Context.groovy}.
2019-10-09 12:29:51.005  INFO 6797 --- [    Test worker] t.c.s.AnnotationConfigContextLoaderUtils : Could not detect default configuration classes for test class [org.springframework.samples.petclinic.system.CrashControllerTests]: CrashControllerTests does not declare any static, non-private, non-final, nested classes annotated with @Configuration.
2019-10-09 12:29:51.040  INFO 6797 --- [    Test worker] .b.t.c.SpringBootTestContextBootstrapper : Found @SpringBootConfiguration org.springframework.samples.petclinic.PetClinicApplication for test class org.springframework.samples.petclinic.system.CrashControllerTests
2019-10-09 12:29:51.042  INFO 6797 --- [    Test worker] .b.t.a.w.s.WebMvcTestContextBootstrapper : Loaded default TestExecutionListener class names from location [META-INF/spring.factories]: [org.springframework.boot.test.autoconfigure.restdocs.RestDocsTestExecutionListener, org.springframework.boot.test.autoconfigure.web.client.MockRestServiceServerResetTestExecutionListener, org.springframework.boot.test.autoconfigure.web.servlet.MockMvcPrintOnlyOnFailureTestExecutionListener, org.springframework.boot.test.autoconfigure.web.servlet.WebDriverTestExecutionListener, org.springframework.boot.test.mock.mockito.MockitoTestExecutionListener, org.springframework.boot.test.mock.mockito.ResetMocksTestExecutionListener, org.springframework.test.context.web.ServletTestExecutionListener, org.springframework.test.context.support.DirtiesContextBeforeModesTestExecutionListener, org.springframework.test.context.support.DependencyInjectionTestExecutionListener, org.springframework.test.context.support.DirtiesContextTestExecutionListener, org.springframework.test.context.transaction.TransactionalTestExecutionListener, org.springframework.test.context.jdbc.SqlScriptsTestExecutionListener]
2019-10-09 12:29:51.043  INFO 6797 --- [    Test worker] .b.t.a.w.s.WebMvcTestContextBootstrapper : Using TestExecutionListeners: [org.springframework.test.context.web.ServletTestExecutionListener@34f80343, org.springframework.test.context.support.DirtiesContextBeforeModesTestExecutionListener@57363f0e, org.springframework.boot.test.mock.mockito.MockitoTestExecutionListener@158daf7f, org.springframework.boot.test.autoconfigure.SpringBootDependencyInjectionTestExecutionListener@33775ad3, org.springframework.test.context.support.DirtiesContextTestExecutionListener@47e1b5e5, org.springframework.test.context.transaction.TransactionalTestExecutionListener@21492c58, org.springframework.test.context.jdbc.SqlScriptsTestExecutionListener@59479959, org.springframework.boot.test.autoconfigure.restdocs.RestDocsTestExecutionListener@50eff160, org.springframework.boot.test.autoconfigure.web.client.MockRestServiceServerResetTestExecutionListener@1a6b2805, org.springframework.boot.test.autoconfigure.web.servlet.MockMvcPrintOnlyOnFailureTestExecutionListener@72a8fcfc, org.springframework.boot.test.autoconfigure.web.servlet.WebDriverTestExecutionListener@17402ea1, org.springframework.boot.test.mock.mockito.ResetMocksTestExecutionListener@380bb9d8]
]]></system-out>
  <system-err><![CDATA[]]></system-err>
</testsuite>
