<?xml version="1.0" encoding="UTF-8"?>
<testsuite name="org.springframework.samples.petclinic.model.ValidatorTests" tests="1" skipped="0" failures="0" errors="0" timestamp="2019-10-09T15:29:51" hostname="dsi" time="0.033">
  <properties/>
  <testcase name="shouldNotValidateWhenFirstNameEmpty" classname="org.springframework.samples.petclinic.model.ValidatorTests" time="0.033"/>
  <system-out><![CDATA[]]></system-out>
  <system-err><![CDATA[]]></system-err>
</testsuite>
