<?xml version="1.0" encoding="UTF-8"?>
<testsuite name="org.springframework.samples.petclinic.owner.PetControllerTests" tests="6" skipped="0" failures="0" errors="0" timestamp="2019-10-09T15:29:49" hostname="dsi" time="0.295">
  <properties/>
  <testcase name="testProcessCreationFormSuccess" classname="org.springframework.samples.petclinic.owner.PetControllerTests" time="0.02"/>
  <testcase name="testProcessUpdateFormSuccess" classname="org.springframework.samples.petclinic.owner.PetControllerTests" time="0.014"/>
  <testcase name="testInitUpdateForm" classname="org.springframework.samples.petclinic.owner.PetControllerTests" time="0.136"/>
  <testcase name="testInitCreationForm" classname="org.springframework.samples.petclinic.owner.PetControllerTests" time="0.026"/>
  <testcase name="testProcessCreationFormHasErrors" classname="org.springframework.samples.petclinic.owner.PetControllerTests" time="0.056"/>
  <testcase name="testProcessUpdateFormHasErrors" classname="org.springframework.samples.petclinic.owner.PetControllerTests" time="0.033"/>
  <system-out><![CDATA[2019-10-09 12:29:48.176  INFO 6797 --- [    Test worker] .b.t.a.w.s.WebMvcTestContextBootstrapper : Neither @ContextConfiguration nor @ContextHierarchy found for test class [org.springframework.samples.petclinic.owner.PetControllerTests], using SpringBootContextLoader
2019-10-09 12:29:48.178  INFO 6797 --- [    Test worker] o.s.t.c.support.AbstractContextLoader    : Could not detect default resource locations for test class [org.springframework.samples.petclinic.owner.PetControllerTests]: no resource found for suffixes {-context.xml, Context.groovy}.
2019-10-09 12:29:48.179  INFO 6797 --- [    Test worker] t.c.s.AnnotationConfigContextLoaderUtils : Could not detect default configuration classes for test class [org.springframework.samples.petclinic.owner.PetControllerTests]: PetControllerTests does not declare any static, non-private, non-final, nested classes annotated with @Configuration.
2019-10-09 12:29:48.197  INFO 6797 --- [    Test worker] .b.t.c.SpringBootTestContextBootstrapper : Found @SpringBootConfiguration org.springframework.samples.petclinic.PetClinicApplication for test class org.springframework.samples.petclinic.owner.PetControllerTests
2019-10-09 12:29:48.198  INFO 6797 --- [    Test worker] .b.t.a.w.s.WebMvcTestContextBootstrapper : Loaded default TestExecutionListener class names from location [META-INF/spring.factories]: [org.springframework.boot.test.autoconfigure.restdocs.RestDocsTestExecutionListener, org.springframework.boot.test.autoconfigure.web.client.MockRestServiceServerResetTestExecutionListener, org.springframework.boot.test.autoconfigure.web.servlet.MockMvcPrintOnlyOnFailureTestExecutionListener, org.springframework.boot.test.autoconfigure.web.servlet.WebDriverTestExecutionListener, org.springframework.boot.test.mock.mockito.MockitoTestExecutionListener, org.springframework.boot.test.mock.mockito.ResetMocksTestExecutionListener, org.springframework.test.context.web.ServletTestExecutionListener, org.springframework.test.context.support.DirtiesContextBeforeModesTestExecutionListener, org.springframework.test.context.support.DependencyInjectionTestExecutionListener, org.springframework.test.context.support.DirtiesContextTestExecutionListener, org.springframework.test.context.transaction.TransactionalTestExecutionListener, org.springframework.test.context.jdbc.SqlScriptsTestExecutionListener]
2019-10-09 12:29:48.199  INFO 6797 --- [    Test worker] .b.t.a.w.s.WebMvcTestContextBootstrapper : Using TestExecutionListeners: [org.springframework.test.context.web.ServletTestExecutionListener@100d2c30, org.springframework.test.context.support.DirtiesContextBeforeModesTestExecutionListener@2eca0ea7, org.springframework.boot.test.mock.mockito.MockitoTestExecutionListener@d741ed, org.springframework.boot.test.autoconfigure.SpringBootDependencyInjectionTestExecutionListener@247c95c8, org.springframework.test.context.support.DirtiesContextTestExecutionListener@5d6951db, org.springframework.test.context.transaction.TransactionalTestExecutionListener@2328d3e7, org.springframework.test.context.jdbc.SqlScriptsTestExecutionListener@19ca3646, org.springframework.boot.test.autoconfigure.restdocs.RestDocsTestExecutionListener@59d82262, org.springframework.boot.test.autoconfigure.web.client.MockRestServiceServerResetTestExecutionListener@4e28470b, org.springframework.boot.test.autoconfigure.web.servlet.MockMvcPrintOnlyOnFailureTestExecutionListener@2b7a12c2, org.springframework.boot.test.autoconfigure.web.servlet.WebDriverTestExecutionListener@63ca79ed, org.springframework.boot.test.mock.mockito.ResetMocksTestExecutionListener@7b998cc4]


              |\      _,,,--,,_
             /,`.-'`'   ._  \-;;,_
  _______ __|,4-  ) )_   .;.(__`'-'__     ___ __    _ ___ _______
 |       | '---''(_/._)-'(_\_)   |   |   |   |  |  | |   |       |
 |    _  |    ___|_     _|       |   |   |   |   |_| |   |       | __ _ _
 |   |_| |   |___  |   | |       |   |   |   |       |   |       | \ \ \ \
 |    ___|    ___| |   | |      _|   |___|   |  _    |   |      _|  \ \ \ \
 |   |   |   |___  |   | |     |_|       |   | | |   |   |     |_    ) ) ) )
 |___|   |_______| |___| |_______|_______|___|_|  |__|___|_______|  / / / /
 ==================================================================/_/_/_/

:: Built with Spring Boot :: 2.1.9.RELEASE


2019-10-09 12:29:48.279  INFO 6797 --- [    Test worker] o.s.s.p.owner.PetControllerTests         : Starting PetControllerTests on dsi with PID 6797 (started by dsi in /home/dsi/spring-petclinic)
2019-10-09 12:29:48.284  INFO 6797 --- [    Test worker] o.s.s.p.owner.PetControllerTests         : No active profile set, falling back to default profiles: default
2019-10-09 12:29:49.077  INFO 6797 --- [    Test worker] o.s.s.concurrent.ThreadPoolTaskExecutor  : Initializing ExecutorService 'applicationTaskExecutor'
2019-10-09 12:29:49.372  INFO 6797 --- [    Test worker] o.s.b.t.m.w.SpringBootMockServletContext : Initializing Spring TestDispatcherServlet ''
2019-10-09 12:29:49.373  INFO 6797 --- [    Test worker] o.s.t.web.servlet.TestDispatcherServlet  : Initializing Servlet ''
2019-10-09 12:29:49.391  INFO 6797 --- [    Test worker] o.s.t.web.servlet.TestDispatcherServlet  : Completed initialization in 16 ms
2019-10-09 12:29:49.424  INFO 6797 --- [    Test worker] o.s.s.p.owner.PetControllerTests         : Started PetControllerTests in 1.212 seconds (JVM running for 24.398)
]]></system-out>
  <system-err><![CDATA[]]></system-err>
</testsuite>
