<?xml version="1.0" encoding="UTF-8"?>
<testsuite name="org.springframework.samples.petclinic.vet.VetControllerTests" tests="2" skipped="0" failures="0" errors="0" timestamp="2019-10-09T15:29:50" hostname="dsi" time="0.365">
  <properties/>
  <testcase name="testShowVetListHtml" classname="org.springframework.samples.petclinic.vet.VetControllerTests" time="0.127"/>
  <testcase name="testShowResourcesVetList" classname="org.springframework.samples.petclinic.vet.VetControllerTests" time="0.237"/>
  <system-out><![CDATA[2019-10-09 12:29:49.749  INFO 6797 --- [    Test worker] .b.t.a.w.s.WebMvcTestContextBootstrapper : Neither @ContextConfiguration nor @ContextHierarchy found for test class [org.springframework.samples.petclinic.vet.VetControllerTests], using SpringBootContextLoader
2019-10-09 12:29:49.751  INFO 6797 --- [    Test worker] o.s.t.c.support.AbstractContextLoader    : Could not detect default resource locations for test class [org.springframework.samples.petclinic.vet.VetControllerTests]: no resource found for suffixes {-context.xml, Context.groovy}.
2019-10-09 12:29:49.753  INFO 6797 --- [    Test worker] t.c.s.AnnotationConfigContextLoaderUtils : Could not detect default configuration classes for test class [org.springframework.samples.petclinic.vet.VetControllerTests]: VetControllerTests does not declare any static, non-private, non-final, nested classes annotated with @Configuration.
2019-10-09 12:29:49.776  INFO 6797 --- [    Test worker] .b.t.c.SpringBootTestContextBootstrapper : Found @SpringBootConfiguration org.springframework.samples.petclinic.PetClinicApplication for test class org.springframework.samples.petclinic.vet.VetControllerTests
2019-10-09 12:29:49.777  INFO 6797 --- [    Test worker] .b.t.a.w.s.WebMvcTestContextBootstrapper : Loaded default TestExecutionListener class names from location [META-INF/spring.factories]: [org.springframework.boot.test.autoconfigure.restdocs.RestDocsTestExecutionListener, org.springframework.boot.test.autoconfigure.web.client.MockRestServiceServerResetTestExecutionListener, org.springframework.boot.test.autoconfigure.web.servlet.MockMvcPrintOnlyOnFailureTestExecutionListener, org.springframework.boot.test.autoconfigure.web.servlet.WebDriverTestExecutionListener, org.springframework.boot.test.mock.mockito.MockitoTestExecutionListener, org.springframework.boot.test.mock.mockito.ResetMocksTestExecutionListener, org.springframework.test.context.web.ServletTestExecutionListener, org.springframework.test.context.support.DirtiesContextBeforeModesTestExecutionListener, org.springframework.test.context.support.DependencyInjectionTestExecutionListener, org.springframework.test.context.support.DirtiesContextTestExecutionListener, org.springframework.test.context.transaction.TransactionalTestExecutionListener, org.springframework.test.context.jdbc.SqlScriptsTestExecutionListener]
2019-10-09 12:29:49.778  INFO 6797 --- [    Test worker] .b.t.a.w.s.WebMvcTestContextBootstrapper : Using TestExecutionListeners: [org.springframework.test.context.web.ServletTestExecutionListener@46d96a5b, org.springframework.test.context.support.DirtiesContextBeforeModesTestExecutionListener@124f5266, org.springframework.boot.test.mock.mockito.MockitoTestExecutionListener@2a0dc02d, org.springframework.boot.test.autoconfigure.SpringBootDependencyInjectionTestExecutionListener@cbe87e4, org.springframework.test.context.support.DirtiesContextTestExecutionListener@138bf9a, org.springframework.test.context.transaction.TransactionalTestExecutionListener@690c01b9, org.springframework.test.context.jdbc.SqlScriptsTestExecutionListener@2d44b81d, org.springframework.boot.test.autoconfigure.restdocs.RestDocsTestExecutionListener@553d8bf6, org.springframework.boot.test.autoconfigure.web.client.MockRestServiceServerResetTestExecutionListener@113d2aa4, org.springframework.boot.test.autoconfigure.web.servlet.MockMvcPrintOnlyOnFailureTestExecutionListener@18b5f0f3, org.springframework.boot.test.autoconfigure.web.servlet.WebDriverTestExecutionListener@10b927a8, org.springframework.boot.test.mock.mockito.ResetMocksTestExecutionListener@29626c72]


              |\      _,,,--,,_
             /,`.-'`'   ._  \-;;,_
  _______ __|,4-  ) )_   .;.(__`'-'__     ___ __    _ ___ _______
 |       | '---''(_/._)-'(_\_)   |   |   |   |  |  | |   |       |
 |    _  |    ___|_     _|       |   |   |   |   |_| |   |       | __ _ _
 |   |_| |   |___  |   | |       |   |   |   |       |   |       | \ \ \ \
 |    ___|    ___| |   | |      _|   |___|   |  _    |   |      _|  \ \ \ \
 |   |   |   |___  |   | |     |_|       |   | | |   |   |     |_    ) ) ) )
 |___|   |_______| |___| |_______|_______|___|_|  |__|___|_______|  / / / /
 ==================================================================/_/_/_/

:: Built with Spring Boot :: 2.1.9.RELEASE


2019-10-09 12:29:49.837  INFO 6797 --- [    Test worker] o.s.s.petclinic.vet.VetControllerTests   : Starting VetControllerTests on dsi with PID 6797 (started by dsi in /home/dsi/spring-petclinic)
2019-10-09 12:29:49.839  INFO 6797 --- [    Test worker] o.s.s.petclinic.vet.VetControllerTests   : No active profile set, falling back to default profiles: default
2019-10-09 12:29:50.306  INFO 6797 --- [    Test worker] o.s.s.concurrent.ThreadPoolTaskExecutor  : Initializing ExecutorService 'applicationTaskExecutor'
2019-10-09 12:29:50.542  INFO 6797 --- [    Test worker] o.s.b.t.m.w.SpringBootMockServletContext : Initializing Spring TestDispatcherServlet ''
2019-10-09 12:29:50.545  INFO 6797 --- [    Test worker] o.s.t.web.servlet.TestDispatcherServlet  : Initializing Servlet ''
2019-10-09 12:29:50.559  INFO 6797 --- [    Test worker] o.s.t.web.servlet.TestDispatcherServlet  : Completed initialization in 13 ms
2019-10-09 12:29:50.611  INFO 6797 --- [    Test worker] o.s.s.petclinic.vet.VetControllerTests   : Started VetControllerTests in 0.827 seconds (JVM running for 25.586)
]]></system-out>
  <system-err><![CDATA[]]></system-err>
</testsuite>
